<?xml version="1.0" encoding="UTF-8"?>
<!-- Generated by org.testng.reporters.JUnitReportReporter -->
<testsuite hostname="DESKTOP-PDKOP6A" failures="0" tests="4" name="api.test.UserTest" time="10.415" errors="0" timestamp="2023-04-14T21:47:16 IST" skipped="0">
  <testcase classname="api.test.UserTest" name="testpostuser" time="4.867"/>
  <system-out/>
  <testcase classname="api.test.UserTest" name="testGetUserByName" time="1.361"/>
  <system-out/>
  <testcase classname="api.test.UserTest" name="testUpdateUserByName" time="2.758"/>
  <system-out/>
  <testcase classname="api.test.UserTest" name="testDeleteUserByname" time="1.429"/>
  <system-out/>
</testsuite> <!-- api.test.UserTest -->
