<?xml version="1.0" encoding="UTF-8"?>
<!-- Generated by org.testng.reporters.JUnitReportReporter -->
<testsuite hostname="DESKTOP-PDKOP6A" failures="0" tests="4" name="api.test.UserTest2" time="12.987" errors="0" timestamp="2023-04-29T21:33:27 IST" skipped="0">
  <testcase classname="api.test.UserTest2" name="testpostuser" time="7.327"/>
  <system-out/>
  <testcase classname="api.test.UserTest2" name="testGetUserByName" time="1.293"/>
  <system-out/>
  <testcase classname="api.test.UserTest2" name="testUpdateUserByName" time="3.118"/>
  <system-out/>
  <testcase classname="api.test.UserTest2" name="testDeleteUserByname" time="1.249"/>
  <system-out/>
</testsuite> <!-- api.test.UserTest2 -->
