<?xml version="1.0" encoding="UTF-8"?>
<!-- Generated by org.testng.reporters.JUnitReportReporter -->
<testsuite hostname="DESKTOP-PDKOP6A" failures="0" tests="4" name="api.test.UserTest2" time="18.998" errors="0" timestamp="2023-04-29T22:16:31 IST" skipped="0">
  <testcase classname="api.test.UserTest2" name="testpostuser" time="8.277"/>
  <system-out/>
  <testcase classname="api.test.UserTest2" name="testGetUserByName" time="2.320"/>
  <system-out/>
  <testcase classname="api.test.UserTest2" name="testUpdateUserByName" time="6.083"/>
  <system-out/>
  <testcase classname="api.test.UserTest2" name="testDeleteUserByname" time="2.318"/>
  <system-out/>
</testsuite> <!-- api.test.UserTest2 -->
