<?xml version="1.0" encoding="UTF-8"?>
<!-- Generated by org.testng.reporters.JUnitReportReporter -->
<testsuite hostname="DESKTOP-PDKOP6A" failures="0" tests="4" name="api.test.UserTest" time="17.826" errors="0" timestamp="2023-04-29T21:53:52 IST" skipped="0">
  <testcase classname="api.test.UserTest" name="testpostuser" time="8.138"/>
  <system-out/>
  <testcase classname="api.test.UserTest" name="testGetUserByName" time="2.773"/>
  <system-out/>
  <testcase classname="api.test.UserTest" name="testUpdateUserByName" time="4.914"/>
  <system-out/>
  <testcase classname="api.test.UserTest" name="testDeleteUserByname" time="2.001"/>
  <system-out/>
</testsuite> <!-- api.test.UserTest -->
